[13:10:25] [User Authenticator #10/INFO]: UUID of player RadGoodNow is 741d27eb-a02b-3b66-b3de-9c92c6eb1b40
[13:10:25] [Server thread/INFO]: RadGoodNow joined the game
[13:10:25] [Server thread/INFO]: RadGoodNow[/178.176.82.131:35768] logged in with entity id 49977 at ([world]-32.5, 75.0, 6.5)
[13:10:47] [Server thread/INFO]: RadGoodNow issued server command: /bukkit:plugins
[13:10:54] [Async Chat Thread - #0/INFO]: [Not Secure] <RadGoodNow> hi
[13:13:14] [User Authenticator #11/INFO]: UUID of player Maxim1696 is 3db93edc-34ee-3e89-b92e-b220aa8779b1
[13:13:14] [Server thread/INFO]: Maxim1696 joined the game
[13:13:14] [Server thread/INFO]: Maxim1696[/185.185.68.50:29373] logged in with entity id 51623 at ([world]-37.5, 76.0, 7.5)
[13:13:21] [Async Chat Thread - #2/INFO]: [Not Secure] <RadGoodNow> так
[13:13:24] [Async Chat Thread - #1/INFO]: [Not Secure] <RadGoodNow> иди на лево
[13:13:33] [Async Chat Thread - #1/INFO]: [Not Secure] <RadGoodNow> там в небе увидишь
[13:13:36] [Async Chat Thread - #1/INFO]: [Not Secure] <RadGoodNow> по нему и иди
[13:13:41] [Async Chat Thread - #1/INFO]: [Not Secure] <RadGoodNow> -172 110 -246
[13:13:44] [Async Chat Thread - #1/INFO]: [Not Secure] <Maxim1696> ПОЧЕМУ Я ЧЁРНЫЙ
[13:13:49] [Async Chat Thread - #1/INFO]: [Not Secure] <RadGoodNow> same
[13:13:59] [Async Chat Thread - #1/INFO]: [Not Secure] <RadGoodNow> я тут ресы ищу
[13:14:01] [Async Chat Thread - #2/INFO]: [Not Secure] <RadGoodNow> опа
[13:14:02] [Async Chat Thread - #2/INFO]: [Not Secure] <RadGoodNow> карта
[13:14:41] [Async Chat Thread - #1/INFO]: [Not Secure] <RadGoodNow> будет очень весело
[13:14:43] [Async Chat Thread - #2/INFO]: [Not Secure] <RadGoodNow> я тебя жду
[13:15:16] [Async Chat Thread - #2/INFO]: [Not Secure] <RadGoodNow> ты где
[13:16:21] [Async Chat Thread - #4/INFO]: [Not Secure] <RadGoodNow> вижу
[13:17:03] [Server thread/INFO]: Villager EntityVillager['Villager'/50573, l='ServerLevel[world]', x=-245.70, y=83.03, z=-269.27] died, message: 'Villager was squished too much'
[13:17:10] [Async Chat Thread - #3/INFO]: [Not Secure] <RadGoodNow> спускаемся вниз
[13:17:15] [Async Chat Thread - #3/INFO]: [Not Secure] <RadGoodNow> не там
[13:17:20] [Async Chat Thread - #4/INFO]: [Not Secure] <RadGoodNow> лестница
[13:17:47] [Async Chat Thread - #4/INFO]: [Not Secure] <RadGoodNow> будет ахуенно
[13:17:54] [Async Chat Thread - #4/INFO]: [Not Secure] <RadGoodNow> тут все лысые
[13:17:56] [Async Chat Thread - #3/INFO]: [Not Secure] <RadGoodNow> а гонять лысых
[13:17:59] [Async Chat Thread - #3/INFO]: [Not Secure] <RadGoodNow> это грех
[13:18:09] [Async Chat Thread - #3/INFO]: [Not Secure] <RadGoodNow> во
[13:18:11] [Async Chat Thread - #3/INFO]: [Not Secure] <RadGoodNow> еще
[13:19:52] [Server thread/INFO]: RadGoodNow has made the advancement [Acquire Hardware]
[13:20:19] [Async Chat Thread - #6/INFO]: [Not Secure] <RadGoodNow> о
[13:20:21] [Async Chat Thread - #5/INFO]: [Not Secure] <RadGoodNow> тут кошка давид
[13:22:13] [Server thread/INFO]: RadGoodNow has made the advancement [Isn't It Iron Pick]
[13:26:09] [Async Chat Thread - #8/INFO]: [Not Secure] <Maxim1696> hmm
[13:26:12] [Async Chat Thread - #7/INFO]: [Not Secure] <Maxim1696> latam
[13:26:16] [Async Chat Thread - #8/INFO]: [Not Secure] <RadGoodNow> я на вагонетке
[13:26:18] [Async Chat Thread - #7/INFO]: [Not Secure] <RadGoodNow> уехал
[13:26:21] [Async Chat Thread - #7/INFO]: [Not Secure] <Maxim1696> burgiso
[13:26:23] [Async Chat Thread - #7/INFO]: [Not Secure] <Maxim1696> сука
[13:26:23] [Async Chat Thread - #8/INFO]: [Not Secure] <RadGoodNow> 331 159 628
[13:26:27] [Async Chat Thread - #7/INFO]: [Not Secure] <Maxim1696> яч=ё
[13:26:31] [Async Chat Thread - #7/INFO]: [Not Secure] <Maxim1696> пизда клаве
[13:27:18] [Async Chat Thread - #8/INFO]: [Not Secure] <RadGoodNow> кровать у тя рядом?
[13:27:22] [Async Chat Thread - #8/INFO]: [Not Secure] <Maxim1696> да
[13:27:28] [Server thread/INFO]: RadGoodNow has made the advancement [Sweet Dreams]
[13:27:31] [Server thread/INFO]: Maxim1696 has made the advancement [Sweet Dreams]
[13:28:43] [Server thread/INFO]: RadGoodNow has made the advancement [Diamonds!]
[13:28:59] [Async Chat Thread - #10/INFO]: [Not Secure] <RadGoodNow> 20 пороха
[13:29:45] [Async Chat Thread - #10/INFO]: [Not Secure] <RadGoodNow> ты где?
[13:29:49] [Async Chat Thread - #10/INFO]: [Not Secure] <Maxim1696> еду
[13:29:55] [Async Chat Thread - #9/INFO]: [Not Secure] <RadGoodNow> кайф
[13:30:08] [Async Chat Thread - #10/INFO]: [Not Secure] <Maxim1696> о
[13:30:11] [Async Chat Thread - #10/INFO]: [Not Secure] <Maxim1696> здание
[13:30:14] [Async Chat Thread - #9/INFO]: [Not Secure] <Maxim1696> какое то
[13:30:29] [Async Chat Thread - #10/INFO]: [Not Secure] <RadGoodNow> так
[13:30:31] [Async Chat Thread - #9/INFO]: [Not Secure] <RadGoodNow> я ща гугл ленс
[13:30:32] [Async Chat Thread - #10/INFO]: [Not Secure] <RadGoodNow> включу
[13:31:15] [Async Chat Thread - #9/INFO]: [Not Secure] <RadGoodNow> ага
[13:31:18] [Async Chat Thread - #10/INFO]: [Not Secure] <RadGoodNow> хуй те а не перевод
[13:31:51] [Server thread/INFO]: RadGoodNow has made the advancement [Monster Hunter]
[13:32:44] [Async Chat Thread - #12/INFO]: [Not Secure] <RadGoodNow> и вот похоже
[13:32:47] [Async Chat Thread - #12/INFO]: [Not Secure] <RadGoodNow> основная база
[13:32:57] [Async Chat Thread - #12/INFO]: [Not Secure] <RadGoodNow> в этом здании
[13:33:00] [Async Chat Thread - #12/INFO]: [Not Secure] <RadGoodNow> там мост есть
[13:39:57] [Async Chat Thread - #14/INFO]: [Not Secure] <RadGoodNow> мне братик сказал
[13:40:02] [Async Chat Thread - #13/INFO]: [Not Secure] <RadGoodNow> что там находится летающий пенис
[13:40:22] [Async Chat Thread - #14/INFO]: [Not Secure] <Maxim1696> пон
[13:41:59] [Async Chat Thread - #16/INFO]: [Not Secure] <Maxim1696> bye bye
[13:42:27] [Async Chat Thread - #15/INFO]: [Not Secure] <RadGoodNow> ,
[13:42:28] [Async Chat Thread - #16/INFO]: [Not Secure] <RadGoodNow> ,
[13:42:29] [Async Chat Thread - #15/INFO]: [Not Secure] <RadGoodNow> ?
[13:42:38] [Async Chat Thread - #16/INFO]: [Not Secure] <Maxim1696> know dont
[13:44:05] [Async Chat Thread - #18/INFO]: [Not Secure] <Maxim1696> ты как то медленно
[13:44:08] [Async Chat Thread - #17/INFO]: [Not Secure] <Maxim1696> едешь
[13:44:22] [Async Chat Thread - #18/INFO]: [Not Secure] <RadGoodNow> да так
[13:44:32] [Async Chat Thread - #18/INFO]: [Not Secure] <RadGoodNow> интернет так же скадет
[13:44:34] [Async Chat Thread - #18/INFO]: [Not Secure] <RadGoodNow> скачет
[13:45:04] [Server thread/WARN]: RadGoodNow was kicked for floating too long!
[13:45:04] [Server thread/INFO]: RadGoodNow lost connection: Flying is not enabled on this server
[13:45:04] [Server thread/INFO]: RadGoodNow left the game.
[13:45:04] [Server thread/WARN]: handleDisconnection() called twice
[13:45:19] [Server thread/WARN]: Eucalipto (vehicle of Maxim1696) moved wrongly! 0.25304560342544846
[13:45:19] [Server thread/WARN]: Eucalipto (vehicle of Maxim1696) moved wrongly! 0.2707180070943309
[13:45:52] [Server thread/INFO]: Maxim1696 lost connection: Disconnected
[13:45:52] [Server thread/INFO]: Maxim1696 left the game
[13:46:36] [User Authenticator #12/INFO]: UUID of player Maxim1696 is 3db93edc-34ee-3e89-b92e-b220aa8779b1
[13:46:36] [Server thread/INFO]: Maxim1696 joined the game
[13:46:36] [Server thread/INFO]: Maxim1696[/185.185.68.50:42943] logged in with entity id 64038 at ([world]-247.9765724074571, 88.28125, -268.42212520813285)
[13:47:03] [User Authenticator #13/INFO]: UUID of player RadGoodNow is 741d27eb-a02b-3b66-b3de-9c92c6eb1b40
[13:47:04] [Server thread/INFO]: RadGoodNow joined the game
[13:47:04] [Server thread/INFO]: RadGoodNow[/80.234.77.182:19142] logged in with entity id 64954 at ([world]-142.47712361261657, 104.0, -235.20169072484146)
[13:47:17] [Async Chat Thread - #20/INFO]: [Not Secure] <RadGoodNow> я оказывается
[13:47:21] [Async Chat Thread - #19/INFO]: [Not Secure] <RadGoodNow> не на тот серв нажимал
[13:47:58] [Server thread/WARN]: Eucalipto (vehicle of Maxim1696) moved wrongly! 0.3107703157661774
[13:47:59] [Server thread/WARN]: Eucalipto (vehicle of Maxim1696) moved wrongly! 0.25599510281728044
[13:47:59] [Server thread/WARN]: Eucalipto (vehicle of Maxim1696) moved wrongly! 0.6609006469288374
[13:47:59] [Server thread/WARN]: Eucalipto (vehicle of Maxim1696) moved wrongly! 1.0659166379287228
[13:48:03] [Server thread/WARN]: Eucalipto (vehicle of Maxim1696) moved wrongly! 0.30463826547867257
[13:48:03] [Server thread/WARN]: Eucalipto (vehicle of Maxim1696) moved wrongly! 0.3249663709144386
[13:48:21] [Async Chat Thread - #22/INFO]: [Not Secure] <RadGoodNow> радуга горит
[13:48:26] [Async Chat Thread - #22/INFO]: [Not Secure] <RadGoodNow> +500 рублей от путина
[13:48:42] [Async Chat Thread - #22/INFO]: [Not Secure] <RadGoodNow> + оскорбленные участники моей беседы
[13:51:33] [Server thread/INFO]: Villager EntityVillager['Villager'/64051, l='ServerLevel[world]', x=-245.30, y=83.05, z=-269.70] died, message: 'Villager was squished too much'
[13:51:54] [Async Chat Thread - #24/INFO]: [Not Secure] <RadGoodNow> иди сюда
[13:52:02] [Async Chat Thread - #23/INFO]: [Not Secure] <RadGoodNow> они как будто намекают это сделать
[13:54:31] [Async Chat Thread - #26/INFO]: [Not Secure] <RadGoodNow> а во
[13:54:37] [Async Chat Thread - #25/INFO]: [Not Secure] <Maxim1696> ?
[13:54:51] [Async Chat Thread - #26/INFO]: [Not Secure] <RadGoodNow> mierdon
[13:54:53] [Async Chat Thread - #25/INFO]: [Not Secure] <RadGoodNow> and lava
[13:54:57] [Async Chat Thread - #26/INFO]: [Not Secure] <Maxim1696> lol
[13:55:00] [Server thread/INFO]: Maxim1696 has made the advancement [Hot Stuff]
[13:55:14] [Async Chat Thread - #25/INFO]: [Not Secure] <RadGoodNow> пердун
[13:55:17] [Async Chat Thread - #25/INFO]: [Not Secure] <RadGoodNow> не хотите ли вы
[13:55:20] [Async Chat Thread - #25/INFO]: [Not Secure] <RadGoodNow> попить лвы?
[13:55:22] [Async Chat Thread - #25/INFO]: [Not Secure] <RadGoodNow> лавы
[13:55:28] [Async Chat Thread - #25/INFO]: [Not Secure] <RadGoodNow> она запищала
[13:55:31] [Async Chat Thread - #25/INFO]: [Not Secure] <RadGoodNow> значит да
[13:55:34] [Async Chat Thread - #25/INFO]: [Not Secure] <RadGoodNow> вот опять
[13:55:37] [Server thread/INFO]: RadGoodNow has made the advancement [Hot Stuff]
[13:55:42] [Async Chat Thread - #25/INFO]: [Not Secure] <RadGoodNow> угощайся пердун
[13:55:44] [Server thread/INFO]: Named entity EntitySheep['MIERDON'/64789, l='ServerLevel[world]', x=-146.95, y=104.32, z=-249.46] died: MIERDON tried to swim in lava
[13:55:47] [Async Chat Thread - #26/INFO]: [Not Secure] <Maxim1696> кивает
[13:55:54] [Async Chat Thread - #26/INFO]: [Not Secure] <RadGoodNow> напился и спит
[13:56:00] [Async Chat Thread - #26/INFO]: [Not Secure] <RadGoodNow> не будем мешать
[13:56:44] [Async Chat Thread - #25/INFO]: [Not Secure] <RadGoodNow> вот у вас двойничек
[13:57:31] [Async Chat Thread - #25/INFO]: [Not Secure] <RadGoodNow> начинаем ломать
[13:57:59] [Server thread/INFO]: RadGoodNow tried to swim in lava
[13:58:07] [Async Chat Thread - #27/INFO]: [Not Secure] <Maxim1696> why
[13:58:09] [Server thread/WARN]: Eucalipto (vehicle of Maxim1696) moved wrongly! 0.29905305323373454
[13:58:09] [Server thread/WARN]: Eucalipto (vehicle of Maxim1696) moved wrongly! 0.3259022900180355
[13:58:18] [Async Chat Thread - #25/INFO]: [Not Secure] <RadGoodNow> А?
[13:58:24] [Async Chat Thread - #25/INFO]: [Not Secure] <Maxim1696> хуй на
[13:58:31] [Async Chat Thread - #27/INFO]: [Not Secure] <RadGoodNow> Аааа??))
[13:58:37] [Async Chat Thread - #27/INFO]: [Not Secure] <Maxim1696> б
[13:58:40] [Async Chat Thread - #25/INFO]: [Not Secure] <RadGoodNow> в бмв
[13:59:01] [Async Chat Thread - #25/INFO]: [Not Secure] <Maxim1696> нихуяч ща эксперимент будет
[13:59:50] [Async Chat Thread - #28/INFO]: [Not Secure] <RadGoodNow> у меня как бы и порох был
[14:00:01] [Async Chat Thread - #25/INFO]: [Not Secure] <Maxim1696> пон
[14:01:49] [Server thread/INFO]: RadGoodNow has made the advancement [We Need to Go Deeper]
[14:03:52] [Async Chat Thread - #30/INFO]: [Not Secure] <Maxim1696> я в магаз
[14:03:57] [Async Chat Thread - #29/INFO]: [Not Secure] <RadGoodNow> к
[14:04:15] [Async Chat Thread - #29/INFO]: [Not Secure] <RadGoodNow> я пока что другие серваки поищу
[14:04:17] [Async Chat Thread - #29/INFO]: [Not Secure] <Maxim1696> к
[14:04:43] [Server thread/INFO]: RadGoodNow lost connection: Disconnected
[14:04:43] [Server thread/INFO]: RadGoodNow left the game
[14:04:49] [Server thread/INFO]: Maxim1696 lost connection: Disconnected
[14:04:49] [Server thread/INFO]: Maxim1696 left the game
[17:54:08] [User Authenticator #14/INFO]: UUID of player RLodri is a31af6fc-0b9c-3497-b280-028e22b2f1f0
[17:54:09] [Server thread/INFO]: RLodri joined the game
[17:54:09] [Server thread/INFO]: RLodri[/62.37.124.21:52627] logged in with entity id 69709 at ([world]399.79185932493823, 145.0, 627.0621324644636)
[17:54:36] [Server thread/INFO]: RLodri lost connection: Disconnected
[17:54:36] [Server thread/INFO]: RLodri left the game
[17:57:08] [User Authenticator #15/INFO]: UUID of player RLodri is a31af6fc-0b9c-3497-b280-028e22b2f1f0
[17:57:09] [Server thread/INFO]: RLodri joined the game
[17:57:09] [Server thread/INFO]: RLodri[/62.37.124.21:52742] logged in with entity id 70111 at ([world]399.30000001192093, 144.0, 607.3000000119209)
[17:59:32] [User Authenticator #16/INFO]: UUID of player Ivanvan007 is 7871a1cb-3f3e-36f6-b2c4-91c6e7e6c770
[17:59:32] [Server thread/INFO]: Ivanvan007 joined the game
[17:59:32] [Server thread/INFO]: Ivanvan007[/93.156.217.155:23375] logged in with entity id 70983 at ([world]-101.14505385693138, 95.0, 963.8536872011579)
[18:02:54] [User Authenticator #17/INFO]: UUID of player Aila is fe17c273-cba4-3c47-98ec-66343579b7e6
[18:02:55] [Server thread/INFO]: Aila joined the game
[18:02:55] [Server thread/INFO]: Aila[/91.117.234.113:45618] logged in with entity id 72531 at ([world]357.50064566552766, 98.41999998688698, 806.6062926224469)
[18:09:20] [Server thread/INFO]: Unknown command. Type "/help" for help.[m
[18:09:25] [Server thread/INFO]: Unknown command. Type "/help" for help.[m
[18:09:28] [Server thread/INFO]: Unknown command. Type "/help" for help.[m
[18:11:29] [Server thread/INFO]: Aila lost connection: Disconnected
[18:11:29] [Server thread/INFO]: Aila left the game
[18:11:35] [Server thread/INFO]: Stopping the server
[18:11:35] [Server thread/INFO]: Stopping server
[18:11:35] [Server thread/INFO]: Saving players
[18:11:35] [Server thread/INFO]: RLodri lost connection: Server closed
[18:11:35] [Server thread/INFO]: RLodri left the game.
[18:11:35] [Server thread/INFO]: Ivanvan007 lost connection: Server closed
[18:11:35] [Server thread/INFO]: Ivanvan007 left the game.
[18:11:35] [Server thread/INFO]: Saving worlds
